TN:
SF:app.js
FN:35,(anonymous_0)
FN:37,(anonymous_1)
FN:46,(anonymous_2)
FN:49,(anonymous_3)
FN:54,(anonymous_4)
FN:57,(anonymous_5)
FN:61,(anonymous_6)
FNF:7
FNH:7
FNDA:10,(anonymous_0)
FNDA:15,(anonymous_1)
FNDA:4,(anonymous_2)
FNDA:4,(anonymous_3)
FNDA:6,(anonymous_4)
FNDA:15,(anonymous_5)
FNDA:7,(anonymous_6)
DA:1,1
DA:2,1
DA:3,1
DA:4,1
DA:5,1
DA:6,1
DA:8,1
DA:11,1
DA:12,1
DA:13,0
DA:17,1
DA:18,1
DA:21,1
DA:33,1
DA:35,1
DA:36,10
DA:37,15
DA:38,10
DA:40,5
DA:41,4
DA:42,4
DA:43,4
DA:46,1
DA:47,4
DA:48,4
DA:49,4
DA:50,3
DA:51,2
DA:54,1
DA:55,6
DA:56,6
DA:57,15
DA:58,5
DA:61,1
DA:62,7
DA:63,7
DA:64,4
DA:65,4
DA:66,3
DA:68,3
DA:72,1
LF:41
LH:40
BRDA:12,0,0,0
BRDA:12,0,1,1
BRDA:38,1,0,5
BRDA:38,1,1,5
BRDA:49,2,0,4
BRDA:49,2,1,3
BRDA:50,3,0,1
BRDA:50,3,1,2
BRDA:55,4,0,6
BRDA:55,4,1,3
BRDA:63,5,0,4
BRDA:63,5,1,3
BRDA:64,6,0,4
BRDA:64,6,1,2
BRF:14
BRH:13
end_of_record
TN:
SF:jest.config.js
FNF:0
FNH:0
DA:1,0
LF:1
LH:0
BRF:0
BRH:0
end_of_record
TN:
SF:legacy-app.js
FN:6,(anonymous_0)
FNF:1
FNH:0
FNDA:0,(anonymous_0)
DA:1,1
DA:2,1
DA:5,1
DA:6,0
DA:7,0
DA:8,0
DA:12,1
LF:7
LH:4
BRDA:5,0,0,0
BRDA:5,0,1,1
BRF:2
BRH:1
end_of_record
