<?xml version="1.0" encoding="UTF-8"?>
<coverage generated="1750654160999" clover="3.2.0">
  <project timestamp="1750654161000" name="All files">
    <metrics statements="20" coveredstatements="20" conditionals="3" coveredconditionals="3" methods="13" coveredmethods="13" elements="36" coveredelements="36" complexity="0" loc="20" ncloc="20" packages="2" files="2" classes="2"/>
    <package name="src">
      <metrics statements="6" coveredstatements="6" conditionals="0" coveredconditionals="0" methods="1" coveredmethods="1"/>
      <file name="App.tsx" path="C:\projects\I2I\I2I-ai-tasks\packages\week3\task1\src\App.tsx">
        <metrics statements="6" coveredstatements="6" conditionals="0" coveredconditionals="0" methods="1" coveredmethods="1"/>
        <line num="1" count="1" type="stmt"/>
        <line num="2" count="1" type="stmt"/>
        <line num="4" count="1" type="stmt"/>
        <line num="9" count="1" type="stmt"/>
        <line num="10" count="2" type="stmt"/>
        <line num="12" count="2" type="stmt"/>
      </file>
    </package>
    <package name="src.components">
      <metrics statements="14" coveredstatements="14" conditionals="3" coveredconditionals="3" methods="12" coveredmethods="12"/>
      <file name="Cart.tsx" path="C:\projects\I2I\I2I-ai-tasks\packages\week3\task1\src\components\Cart.tsx">
        <metrics statements="14" coveredstatements="14" conditionals="3" coveredconditionals="3" methods="12" coveredmethods="12"/>
        <line num="15" count="2" type="stmt"/>
        <line num="16" count="9" type="stmt"/>
        <line num="17" count="4" type="stmt"/>
        <line num="18" count="4" type="stmt"/>
        <line num="19" count="5" type="cond" truecount="2" falsecount="0"/>
        <line num="26" count="9" type="stmt"/>
        <line num="27" count="1" type="stmt"/>
        <line num="30" count="11" type="stmt"/>
        <line num="32" count="9" type="cond" truecount="1" falsecount="0"/>
        <line num="34" count="8" type="stmt"/>
        <line num="37" count="11" type="stmt"/>
        <line num="41" count="2" type="stmt"/>
        <line num="42" count="2" type="stmt"/>
        <line num="43" count="1" type="stmt"/>
      </file>
    </package>
  </project>
</coverage>
