{"C:\\projects\\I2I\\I2I-ai-tasks\\packages\\week3\\task1\\src\\App.tsx": {"path":"C:\\projects\\I2I\\I2I-ai-tasks\\packages\\week3\\task1\\src\\App.tsx","statementMap":{"0":{"start":{"line":9,"column":0},"end":{"line":9,"column":24}},"1":{"start":{"line":1,"column":0},"end":{"line":1,"column":40}},"2":{"start":{"line":2,"column":0},"end":{"line":2,"column":37}},"3":{"start":{"line":4,"column":21},"end":{"line":7,"column":2}},"4":{"start":{"line":10,"column":28},"end":{"line":10,"column":50}},"5":{"start":{"line":12,"column":2},"end":{"line":17,"column":4}}},"fnMap":{"0":{"name":"App","decl":{"start":{"line":9,"column":24},"end":{"line":9,"column":27}},"loc":{"start":{"line":9,"column":27},"end":{"line":18,"column":1}}}},"branchMap":{},"s":{"0":1,"1":1,"2":1,"3":1,"4":2,"5":2},"f":{"0":2},"b":{}}
,"C:\\projects\\I2I\\I2I-ai-tasks\\packages\\week3\\task1\\src\\components\\Cart.tsx": {"path":"C:\\projects\\I2I\\I2I-ai-tasks\\packages\\week3\\task1\\src\\components\\Cart.tsx","statementMap":{"0":{"start":{"line":15,"column":0},"end":{"line":15,"column":24}},"1":{"start":{"line":16,"column":25},"end":{"line":24,"column":3}},"2":{"start":{"line":17,"column":4},"end":{"line":23,"column":6}},"3":{"start":{"line":18,"column":6},"end":{"line":21,"column":null}},"4":{"start":{"line":19,"column":8},"end":{"line":21,"column":16}},"5":{"start":{"line":26,"column":21},"end":{"line":28,"column":3}},"6":{"start":{"line":27,"column":4},"end":{"line":27,"column":58}},"7":{"start":{"line":27,"column":21},"end":{"line":27,"column":56}},"8":{"start":{"line":27,"column":41},"end":{"line":27,"column":55}},"9":{"start":{"line":30,"column":16},"end":{"line":30,"column":80}},"10":{"start":{"line":30,"column":44},"end":{"line":30,"column":76}},"11":{"start":{"line":32,"column":2},"end":{"line":32,"column":59}},"12":{"start":{"line":32,"column":26},"end":{"line":32,"column":59}},"13":{"start":{"line":34,"column":2},"end":{"line":48,"column":4}},"14":{"start":{"line":37,"column":8},"end":{"line":37,"column":null}},"15":{"start":{"line":41,"column":33},"end":{"line":41,"column":59}},"16":{"start":{"line":42,"column":33},"end":{"line":42,"column":60}},"17":{"start":{"line":43,"column":33},"end":{"line":43,"column":52}}},"fnMap":{"0":{"name":"Cart","decl":{"start":{"line":15,"column":24},"end":{"line":15,"column":28}},"loc":{"start":{"line":15,"column":55},"end":{"line":49,"column":1}}},"1":{"name":"(anonymous_1)","decl":{"start":{"line":16,"column":25},"end":{"line":16,"column":26}},"loc":{"start":{"line":16,"column":55},"end":{"line":24,"column":3}}},"2":{"name":"(anonymous_2)","decl":{"start":{"line":17,"column":13},"end":{"line":17,"column":17}},"loc":{"start":{"line":18,"column":6},"end":{"line":21,"column":null}}},"3":{"name":"(anonymous_3)","decl":{"start":{"line":18,"column":15},"end":{"line":18,"column":19}},"loc":{"start":{"line":19,"column":8},"end":{"line":21,"column":16}}},"4":{"name":"(anonymous_4)","decl":{"start":{"line":26,"column":21},"end":{"line":26,"column":22}},"loc":{"start":{"line":26,"column":36},"end":{"line":28,"column":3}}},"5":{"name":"(anonymous_5)","decl":{"start":{"line":27,"column":13},"end":{"line":27,"column":17}},"loc":{"start":{"line":27,"column":21},"end":{"line":27,"column":56}}},"6":{"name":"(anonymous_6)","decl":{"start":{"line":27,"column":33},"end":{"line":27,"column":37}},"loc":{"start":{"line":27,"column":41},"end":{"line":27,"column":55}}},"7":{"name":"(anonymous_7)","decl":{"start":{"line":30,"column":29},"end":{"line":30,"column":30}},"loc":{"start":{"line":30,"column":44},"end":{"line":30,"column":76}}},"8":{"name":"(anonymous_8)","decl":{"start":{"line":36,"column":17},"end":{"line":36,"column":21}},"loc":{"start":{"line":37,"column":8},"end":{"line":37,"column":null}}},"9":{"name":"(anonymous_9)","decl":{"start":{"line":41,"column":27},"end":{"line":41,"column":30}},"loc":{"start":{"line":41,"column":33},"end":{"line":41,"column":59}}},"10":{"name":"(anonymous_10)","decl":{"start":{"line":42,"column":27},"end":{"line":42,"column":30}},"loc":{"start":{"line":42,"column":33},"end":{"line":42,"column":60}}},"11":{"name":"(anonymous_11)","decl":{"start":{"line":43,"column":27},"end":{"line":43,"column":30}},"loc":{"start":{"line":43,"column":33},"end":{"line":43,"column":52}}}},"branchMap":{"0":{"loc":{"start":{"line":19,"column":8},"end":{"line":21,"column":16}},"type":"cond-expr","locations":[{"start":{"line":20,"column":12},"end":{"line":20,"column":69}},{"start":{"line":21,"column":12},"end":{"line":21,"column":16}}]},"1":{"loc":{"start":{"line":32,"column":2},"end":{"line":32,"column":59}},"type":"if","locations":[{"start":{"line":32,"column":2},"end":{"line":32,"column":59}}]}},"s":{"0":2,"1":9,"2":4,"3":4,"4":5,"5":9,"6":1,"7":1,"8":1,"9":9,"10":11,"11":9,"12":1,"13":8,"14":11,"15":2,"16":2,"17":1},"f":{"0":9,"1":4,"2":4,"3":5,"4":1,"5":1,"6":1,"7":11,"8":11,"9":2,"10":2,"11":1},"b":{"0":[4,1],"1":[1]}}
}
