TN:
SF:src\App.tsx
FN:9,App
FNF:1
FNH:1
FNDA:2,App
DA:1,1
DA:2,1
DA:4,1
DA:9,1
DA:10,2
DA:12,2
LF:6
LH:6
BRF:0
BRH:0
end_of_record
TN:
SF:src\components\Cart.tsx
FN:15,Cart
FN:16,(anonymous_1)
FN:17,(anonymous_2)
FN:18,(anonymous_3)
FN:26,(anonymous_4)
FN:27,(anonymous_5)
FN:27,(anonymous_6)
FN:30,(anonymous_7)
FN:36,(anonymous_8)
FN:41,(anonymous_9)
FN:42,(anonymous_10)
FN:43,(anonymous_11)
FNF:12
FNH:12
FNDA:9,Cart
FNDA:4,(anonymous_1)
FNDA:4,(anonymous_2)
FNDA:5,(anonymous_3)
FNDA:1,(anonymous_4)
FNDA:1,(anonymous_5)
FNDA:1,(anonymous_6)
FNDA:11,(anonymous_7)
FNDA:11,(anonymous_8)
FNDA:2,(anonymous_9)
FNDA:2,(anonymous_10)
FNDA:1,(anonymous_11)
DA:15,2
DA:16,9
DA:17,4
DA:18,4
DA:19,5
DA:26,9
DA:27,1
DA:30,11
DA:32,9
DA:34,8
DA:37,11
DA:41,2
DA:42,2
DA:43,1
LF:14
LH:14
BRDA:19,0,0,4
BRDA:19,0,1,1
BRDA:32,1,0,1
BRF:3
BRH:3
end_of_record
